[2020-08-04T09:11:20.076] [DEBUG] cheese - login => username:zs,password:123456
[2020-08-04T09:11:20.077] [DEBUG] cheese - zs
[2020-08-04T09:11:20.084] [DEBUG] cheese - null
[2020-08-04T09:11:20.084] [DEBUG] cheese - null
[2020-08-04T09:12:18.802] [DEBUG] cheese - login => username:admin,password:123456
[2020-08-04T09:12:18.802] [DEBUG] cheese - admin
[2020-08-04T09:12:18.805] [DEBUG] cheese - null
[2020-08-04T09:12:18.806] [DEBUG] cheese - null
[2020-08-04T14:39:39.089] [DEBUG] cheese - login => username:zhang,password:123456
[2020-08-04T14:39:39.091] [DEBUG] cheese - zhang
[2020-08-04T14:39:39.101] [DEBUG] cheese - null
[2020-08-04T14:39:39.102] [DEBUG] cheese - null
[2020-08-04T14:40:32.095] [DEBUG] cheese - login => username:zhang,password:123456
[2020-08-04T14:40:32.095] [DEBUG] cheese - zhang
[2020-08-04T14:40:32.100] [DEBUG] cheese - null
[2020-08-04T14:40:32.100] [DEBUG] cheese - null
[2020-08-04T14:45:44.806] [DEBUG] cheese - login => username:hang,password:1234546
[2020-08-04T14:45:44.807] [DEBUG] cheese - hang
[2020-08-04T14:45:44.816] [DEBUG] cheese - null
[2020-08-04T14:45:44.817] [DEBUG] cheese - null
[2020-08-04T14:47:51.048] [DEBUG] cheese - login => username:zhang,password:1234567
[2020-08-04T14:47:51.048] [DEBUG] cheese - zhang
[2020-08-04T14:47:51.051] [DEBUG] cheese - null
[2020-08-04T14:47:51.051] [DEBUG] cheese - null
[2020-08-04T14:57:36.388] [DEBUG] cheese - login => username:zhang,password:123456
[2020-08-04T14:57:36.388] [DEBUG] cheese - zhang
[2020-08-04T14:57:36.391] [DEBUG] cheese - null
[2020-08-04T14:57:36.391] [DEBUG] cheese - null
[2020-08-04T14:57:54.941] [DEBUG] cheese - login => username:admin,password:123456
[2020-08-04T14:57:54.941] [DEBUG] cheese - admin
[2020-08-04T14:57:54.947] [DEBUG] cheese - null
[2020-08-04T14:57:54.948] [DEBUG] cheese - null
[2020-08-04T15:13:03.210] [DEBUG] cheese - login => username:zhang,password:123456
[2020-08-04T15:13:03.210] [DEBUG] cheese - zhang
[2020-08-04T15:13:03.212] [DEBUG] cheese - null
[2020-08-04T15:13:03.212] [DEBUG] cheese - null
[2020-08-04T15:13:14.562] [DEBUG] cheese - login => username:admin,password:123456
[2020-08-04T15:13:14.563] [DEBUG] cheese - admin
[2020-08-04T15:13:14.565] [DEBUG] cheese - null
[2020-08-04T15:13:14.565] [DEBUG] cheese - null
[2020-08-04T15:20:32.042] [DEBUG] cheese - login => username:admin,password:123456
[2020-08-04T15:20:32.042] [DEBUG] cheese - admin
[2020-08-04T15:20:32.046] [DEBUG] cheese - null
[2020-08-04T15:20:32.046] [DEBUG] cheese - null
[2020-08-04T15:32:38.548] [DEBUG] cheese - login => username:admin,password:123456
[2020-08-04T15:32:38.548] [DEBUG] cheese - admin
[2020-08-04T15:32:38.551] [DEBUG] cheese - null
[2020-08-04T15:32:38.551] [DEBUG] cheese - null
[2020-08-04T15:33:11.610] [DEBUG] cheese - login => username:admin,password:123456
[2020-08-04T15:33:11.610] [DEBUG] cheese - admin
[2020-08-04T15:33:11.614] [DEBUG] cheese - null
[2020-08-04T15:33:11.614] [DEBUG] cheese - null
[2020-08-04T15:54:04.095] [DEBUG] cheese - login => username:admin,password:123456
[2020-08-04T15:54:04.095] [DEBUG] cheese - admin
[2020-08-04T15:54:04.097] [DEBUG] cheese - null
[2020-08-04T15:54:04.097] [DEBUG] cheese - null
[2020-08-04T16:09:55.043] [DEBUG] cheese - login => username:admin,password:123456
[2020-08-04T16:09:55.043] [DEBUG] cheese - admin
[2020-08-04T16:09:55.046] [DEBUG] cheese - null
[2020-08-04T16:09:55.046] [DEBUG] cheese - null
[2020-08-04T16:20:14.246] [DEBUG] cheese - login => username:admin,password:123456
[2020-08-04T16:20:14.246] [DEBUG] cheese - admin
[2020-08-04T16:20:14.249] [DEBUG] cheese - null
[2020-08-04T16:20:14.249] [DEBUG] cheese - null
[2020-08-04T16:26:20.360] [DEBUG] cheese - login => username:admin,password:123456
[2020-08-04T16:26:20.360] [DEBUG] cheese - admin
[2020-08-04T16:26:20.364] [DEBUG] cheese - null
[2020-08-04T16:26:20.364] [DEBUG] cheese - null
[2020-08-04T16:30:20.230] [DEBUG] cheese - login => username:admin,password:123456
[2020-08-04T16:30:20.230] [DEBUG] cheese - admin
[2020-08-04T16:30:20.232] [DEBUG] cheese - null
[2020-08-04T16:30:20.232] [DEBUG] cheese - null
[2020-08-04T17:31:58.946] [DEBUG] cheese - login => username:admin,password:123456
[2020-08-04T17:31:58.947] [DEBUG] cheese - admin
[2020-08-04T17:31:58.954] [DEBUG] cheese - null
[2020-08-04T17:31:58.954] [DEBUG] cheese - null
[2020-08-04T18:24:15.478] [DEBUG] cheese - login => username:admin,password:123456
[2020-08-04T18:24:15.479] [DEBUG] cheese - admin
[2020-08-04T18:24:15.487] [DEBUG] cheese - null
[2020-08-04T18:24:15.487] [DEBUG] cheese - null
[2020-08-04T18:26:23.274] [DEBUG] cheese - login => username:admin,password:123456
[2020-08-04T18:26:23.274] [DEBUG] cheese - admin
[2020-08-04T18:26:23.278] [DEBUG] cheese - null
[2020-08-04T18:26:23.278] [DEBUG] cheese - null
[2020-08-04T18:27:58.769] [DEBUG] cheese - login => username:admin,password:123456
[2020-08-04T18:27:58.769] [DEBUG] cheese - admin
[2020-08-04T18:27:58.771] [DEBUG] cheese - null
[2020-08-04T18:27:58.771] [DEBUG] cheese - null
[2020-08-04T18:28:10.059] [DEBUG] cheese - login => username:admin,password:123456
[2020-08-04T18:28:10.059] [DEBUG] cheese - admin
[2020-08-04T18:28:10.062] [DEBUG] cheese - null
[2020-08-04T18:28:10.062] [DEBUG] cheese - null
[2020-08-04T18:38:28.166] [DEBUG] cheese - login => username:admin,password:123456
[2020-08-04T18:38:28.166] [DEBUG] cheese - admin
[2020-08-04T18:38:28.168] [DEBUG] cheese - null
[2020-08-04T18:38:28.168] [DEBUG] cheese - null
[2020-08-04T19:39:12.826] [DEBUG] cheese - login => username:admin,password:123456
[2020-08-04T19:39:12.827] [DEBUG] cheese - admin
[2020-08-04T19:39:12.832] [DEBUG] cheese - null
[2020-08-04T19:39:12.832] [DEBUG] cheese - null
[2020-08-04T19:45:53.855] [DEBUG] cheese - login => username:admin,password:123456
[2020-08-04T19:45:53.855] [DEBUG] cheese - admin
[2020-08-04T19:45:53.860] [DEBUG] cheese - null
[2020-08-04T19:45:53.860] [DEBUG] cheese - null
[2020-08-05T14:17:14.121] [DEBUG] cheese - login => username:admin,password:123456
[2020-08-05T14:17:14.123] [DEBUG] cheese - admin
[2020-08-05T14:17:14.139] [DEBUG] cheese - null
[2020-08-05T14:17:14.140] [DEBUG] cheese - null
[2020-08-05T14:27:28.387] [DEBUG] cheese - login => username:admin,password:123456
[2020-08-05T14:27:28.387] [DEBUG] cheese - admin
[2020-08-05T14:27:28.389] [DEBUG] cheese - null
[2020-08-05T14:27:28.389] [DEBUG] cheese - null
[2020-08-05T14:27:53.568] [DEBUG] cheese - login => username:admin,password:123456
[2020-08-05T14:27:53.568] [DEBUG] cheese - admin
[2020-08-05T14:27:53.570] [DEBUG] cheese - null
[2020-08-05T14:27:53.570] [DEBUG] cheese - null
[2020-08-05T14:35:17.221] [DEBUG] cheese - login => username:admin,password:123456
[2020-08-05T14:35:17.221] [DEBUG] cheese - admin
[2020-08-05T14:35:17.223] [DEBUG] cheese - null
[2020-08-05T14:35:17.223] [DEBUG] cheese - null
[2020-08-05T14:47:23.719] [DEBUG] cheese - login => username:admin,password:123456
[2020-08-05T14:47:23.719] [DEBUG] cheese - admin
[2020-08-05T14:47:23.722] [DEBUG] cheese - null
[2020-08-05T14:47:23.723] [DEBUG] cheese - null
[2020-08-05T14:48:54.279] [DEBUG] cheese - login => username:admin,password:123456
[2020-08-05T14:48:54.279] [DEBUG] cheese - admin
[2020-08-05T14:48:54.281] [DEBUG] cheese - null
[2020-08-05T14:48:54.281] [DEBUG] cheese - null
[2020-08-05T14:51:07.919] [DEBUG] cheese - login => username:admin,password:123456
[2020-08-05T14:51:07.919] [DEBUG] cheese - admin
[2020-08-05T14:51:07.923] [DEBUG] cheese - null
[2020-08-05T14:51:07.923] [DEBUG] cheese - null
[2020-08-05T14:58:54.203] [DEBUG] cheese - login => username:admin,password:123456
[2020-08-05T14:58:54.205] [DEBUG] cheese - admin
[2020-08-05T14:58:54.213] [DEBUG] cheese - null
[2020-08-05T14:58:54.214] [DEBUG] cheese - null
[2020-08-05T15:11:34.408] [DEBUG] cheese - login => username:admin,password:123456
[2020-08-05T15:11:34.408] [DEBUG] cheese - admin
[2020-08-05T15:11:34.411] [DEBUG] cheese - null
[2020-08-05T15:11:34.411] [DEBUG] cheese - null
[2020-08-05T21:46:15.764] [DEBUG] cheese - login => username:admin,password:123456
[2020-08-05T21:46:15.765] [DEBUG] cheese - admin
[2020-08-05T21:46:15.776] [DEBUG] cheese - null
[2020-08-05T21:46:15.777] [DEBUG] cheese - null
[2020-08-05T22:09:51.064] [DEBUG] cheese - login => username:admin,password:123456
[2020-08-05T22:09:51.065] [DEBUG] cheese - admin
[2020-08-05T22:09:51.073] [DEBUG] cheese - null
[2020-08-05T22:09:51.074] [DEBUG] cheese - null
[2020-08-05T22:12:17.336] [DEBUG] cheese - login => username:admin,password:123456
[2020-08-05T22:12:17.337] [DEBUG] cheese - admin
[2020-08-05T22:12:17.349] [DEBUG] cheese - null
[2020-08-05T22:12:17.350] [DEBUG] cheese - null
[2020-08-05T22:13:28.317] [DEBUG] cheese - login => username:zhang,password:123456
[2020-08-05T22:13:28.317] [DEBUG] cheese - zhang
[2020-08-05T22:13:28.320] [DEBUG] cheese - null
[2020-08-05T22:13:28.320] [DEBUG] cheese - null
[2020-08-05T22:13:34.556] [DEBUG] cheese - login => username:zhang,password:123456
[2020-08-05T22:13:34.556] [DEBUG] cheese - zhang
[2020-08-05T22:13:34.559] [DEBUG] cheese - null
[2020-08-05T22:13:34.559] [DEBUG] cheese - null
[2020-08-05T22:13:41.966] [DEBUG] cheese - login => username:admin,password:123456
[2020-08-05T22:13:41.967] [DEBUG] cheese - admin
[2020-08-05T22:13:41.969] [DEBUG] cheese - null
[2020-08-05T22:13:41.969] [DEBUG] cheese - null
[2020-08-05T22:14:03.236] [DEBUG] cheese - login => username:zhang,password:123456
[2020-08-05T22:14:03.236] [DEBUG] cheese - zhang
[2020-08-05T22:14:03.238] [DEBUG] cheese - null
[2020-08-05T22:14:03.239] [DEBUG] cheese - null
[2020-08-05T22:14:13.726] [DEBUG] cheese - login => username:zhang,password:123456
[2020-08-05T22:14:13.727] [DEBUG] cheese - zhang
[2020-08-05T22:14:13.730] [DEBUG] cheese - null
[2020-08-05T22:14:13.730] [DEBUG] cheese - null
[2020-08-05T22:14:23.116] [DEBUG] cheese - login => username:admin,password:123456
[2020-08-05T22:14:23.117] [DEBUG] cheese - admin
[2020-08-05T22:14:23.120] [DEBUG] cheese - null
[2020-08-05T22:14:23.120] [DEBUG] cheese - null
[2020-08-05T22:15:14.419] [DEBUG] cheese - login => username:jinquan,password:123456
[2020-08-05T22:15:14.419] [DEBUG] cheese - jinquan
[2020-08-05T22:15:14.422] [DEBUG] cheese - null
[2020-08-05T22:15:14.422] [DEBUG] cheese - null
[2020-08-05T22:16:40.704] [DEBUG] cheese - login => username:jinquan,password:123456
[2020-08-05T22:16:40.704] [DEBUG] cheese - jinquan
[2020-08-05T22:16:40.706] [DEBUG] cheese - null
[2020-08-05T22:16:40.706] [DEBUG] cheese - null
[2020-08-05T22:16:49.585] [DEBUG] cheese - login => username:admin,password:123456
[2020-08-05T22:16:49.585] [DEBUG] cheese - admin
[2020-08-05T22:16:49.588] [DEBUG] cheese - null
[2020-08-05T22:16:49.588] [DEBUG] cheese - null
[2020-08-05T22:17:07.127] [DEBUG] cheese - login => username:asdf1,password:123456
[2020-08-05T22:17:07.127] [DEBUG] cheese - asdf1
[2020-08-05T22:17:07.129] [DEBUG] cheese - null
[2020-08-05T22:17:07.129] [DEBUG] cheese - null
[2020-08-05T22:20:00.495] [DEBUG] cheese - login => username:admin,password:123456
[2020-08-05T22:20:00.495] [DEBUG] cheese - admin
[2020-08-05T22:20:00.499] [DEBUG] cheese - null
[2020-08-05T22:20:00.499] [DEBUG] cheese - null
[2020-08-05T22:20:23.218] [DEBUG] cheese - login => username:zhang,password:123456
[2020-08-05T22:20:23.218] [DEBUG] cheese - zhang
[2020-08-05T22:20:23.220] [DEBUG] cheese - null
[2020-08-05T22:20:23.220] [DEBUG] cheese - null
[2020-08-05T22:20:33.861] [DEBUG] cheese - login => username:zhang,password:123456
[2020-08-05T22:20:33.861] [DEBUG] cheese - zhang
[2020-08-05T22:20:33.865] [DEBUG] cheese - null
[2020-08-05T22:20:33.865] [DEBUG] cheese - null
[2020-08-05T22:23:48.270] [DEBUG] cheese - login => username:admin,password:123456
[2020-08-05T22:23:48.270] [DEBUG] cheese - admin
[2020-08-05T22:23:48.272] [DEBUG] cheese - null
[2020-08-05T22:23:48.272] [DEBUG] cheese - null
[2020-08-05T22:23:55.597] [DEBUG] cheese - login => username:zhang,password:123456
[2020-08-05T22:23:55.598] [DEBUG] cheese - zhang
[2020-08-05T22:23:55.601] [DEBUG] cheese - null
[2020-08-05T22:23:55.601] [DEBUG] cheese - null
[2020-08-05T22:25:00.438] [DEBUG] cheese - login => username:admin,password:123456
[2020-08-05T22:25:00.439] [DEBUG] cheese - admin
[2020-08-05T22:25:00.442] [DEBUG] cheese - null
[2020-08-05T22:25:00.442] [DEBUG] cheese - null
[2020-08-05T22:25:22.302] [DEBUG] cheese - login => username:admin,password:123456
[2020-08-05T22:25:22.302] [DEBUG] cheese - admin
[2020-08-05T22:25:22.304] [DEBUG] cheese - null
[2020-08-05T22:25:22.304] [DEBUG] cheese - null
[2020-08-05T22:25:42.973] [DEBUG] cheese - login => username:admin,password:123456
[2020-08-05T22:25:42.973] [DEBUG] cheese - admin
[2020-08-05T22:25:42.974] [DEBUG] cheese - null
[2020-08-05T22:25:42.974] [DEBUG] cheese - null
[2020-08-05T22:26:02.550] [DEBUG] cheese - login => username:admin,password:123456
[2020-08-05T22:26:02.550] [DEBUG] cheese - admin
[2020-08-05T22:26:02.552] [DEBUG] cheese - null
[2020-08-05T22:26:02.552] [DEBUG] cheese - null
[2020-08-05T22:27:19.804] [DEBUG] cheese - login => username:admin,password:123456
[2020-08-05T22:27:19.804] [DEBUG] cheese - admin
[2020-08-05T22:27:19.806] [DEBUG] cheese - null
[2020-08-05T22:27:19.806] [DEBUG] cheese - null
[2020-08-05T22:28:12.575] [DEBUG] cheese - login => username:zhang,password:123456
[2020-08-05T22:28:12.575] [DEBUG] cheese - zhang
[2020-08-05T22:28:12.577] [DEBUG] cheese - null
[2020-08-05T22:28:12.578] [DEBUG] cheese - null
[2020-08-05T22:28:38.174] [DEBUG] cheese - login => username:zhang,password:123456
[2020-08-05T22:28:38.174] [DEBUG] cheese - zhang
[2020-08-05T22:30:33.817] [DEBUG] cheese - null
[2020-08-05T22:30:33.817] [DEBUG] cheese - null
[2020-08-05T22:31:13.201] [DEBUG] cheese - login => username:admin,password:123456
[2020-08-05T22:31:13.203] [DEBUG] cheese - admin
[2020-08-05T22:31:13.211] [DEBUG] cheese - null
[2020-08-05T22:31:13.211] [DEBUG] cheese - null
[2020-08-05T22:31:35.386] [DEBUG] cheese - login => username:asdf1,password:123456
[2020-08-05T22:31:35.386] [DEBUG] cheese - asdf1
[2020-08-05T22:31:35.389] [DEBUG] cheese - null
[2020-08-05T22:31:35.389] [DEBUG] cheese - null
[2020-08-05T22:31:38.675] [DEBUG] cheese - login => username:admin,password:123456
[2020-08-05T22:31:38.675] [DEBUG] cheese - admin
[2020-08-05T22:31:38.678] [DEBUG] cheese - null
[2020-08-05T22:31:38.678] [DEBUG] cheese - null
[2020-08-05T22:32:03.021] [DEBUG] cheese - login => username:jinquan,password:123456
[2020-08-05T22:32:03.021] [DEBUG] cheese - jinquan
[2020-08-05T22:32:03.025] [DEBUG] cheese - null
[2020-08-05T22:32:03.025] [DEBUG] cheese - null
[2020-08-05T22:32:06.449] [DEBUG] cheese - login => username:admin,password:123456
[2020-08-05T22:32:06.449] [DEBUG] cheese - admin
[2020-08-05T22:32:06.451] [DEBUG] cheese - null
[2020-08-05T22:32:06.451] [DEBUG] cheese - null
[2020-08-05T22:33:16.437] [DEBUG] cheese - login => username:jin,password:qwerty
[2020-08-05T22:33:16.437] [DEBUG] cheese - jin
[2020-08-05T22:33:16.440] [DEBUG] cheese - null
[2020-08-05T22:33:16.440] [DEBUG] cheese - null
[2020-08-05T22:33:17.881] [DEBUG] cheese - login => username:jin,password:qwerty
[2020-08-05T22:33:17.881] [DEBUG] cheese - jin
[2020-08-05T22:33:17.884] [DEBUG] cheese - null
[2020-08-05T22:33:17.884] [DEBUG] cheese - null
[2020-08-05T22:33:20.551] [DEBUG] cheese - login => username:jin,password:qwerty
[2020-08-05T22:33:20.551] [DEBUG] cheese - jin
[2020-08-05T22:33:20.553] [DEBUG] cheese - null
[2020-08-05T22:33:20.553] [DEBUG] cheese - null
[2020-08-05T22:33:22.763] [DEBUG] cheese - login => username:admin,password:123456
[2020-08-05T22:33:22.763] [DEBUG] cheese - admin
[2020-08-05T22:33:22.766] [DEBUG] cheese - null
[2020-08-05T22:33:22.767] [DEBUG] cheese - null
[2020-08-05T22:33:40.946] [DEBUG] cheese - login => username:admin,password:123456
[2020-08-05T22:33:40.946] [DEBUG] cheese - admin
[2020-08-05T22:33:40.948] [DEBUG] cheese - null
[2020-08-05T22:33:40.948] [DEBUG] cheese - null
[2020-08-05T22:33:44.300] [DEBUG] cheese - login => username:admin,password:123456
[2020-08-05T22:33:44.300] [DEBUG] cheese - admin
[2020-08-05T22:33:44.302] [DEBUG] cheese - null
[2020-08-05T22:33:44.302] [DEBUG] cheese - null
[2020-08-05T22:33:50.865] [DEBUG] cheese - login => username:admin,password:123456
[2020-08-05T22:33:50.865] [DEBUG] cheese - admin
[2020-08-05T22:33:50.867] [DEBUG] cheese - null
[2020-08-05T22:33:50.867] [DEBUG] cheese - null
[2020-08-05T22:33:53.121] [DEBUG] cheese - login => username:admin,password:123456
[2020-08-05T22:33:53.121] [DEBUG] cheese - admin
[2020-08-05T22:33:53.123] [DEBUG] cheese - null
[2020-08-05T22:33:53.123] [DEBUG] cheese - null
[2020-08-06T14:11:40.800] [DEBUG] cheese - login => username:admin,password:123456
[2020-08-06T14:11:40.801] [DEBUG] cheese - admin
[2020-08-06T14:11:40.841] [DEBUG] cheese - null
[2020-08-06T14:11:40.841] [DEBUG] cheese - null
[2020-08-06T14:12:20.895] [DEBUG] cheese - login => username:admin,password:123456
[2020-08-06T14:12:20.895] [DEBUG] cheese - admin
[2020-08-06T14:12:20.897] [DEBUG] cheese - null
[2020-08-06T14:12:20.897] [DEBUG] cheese - null
[2020-08-06T14:13:55.211] [DEBUG] cheese - login => username:admin,password:123456
[2020-08-06T14:13:55.212] [DEBUG] cheese - admin
[2020-08-06T14:13:55.216] [DEBUG] cheese - null
[2020-08-06T14:13:55.216] [DEBUG] cheese - null
[2020-08-06T14:27:03.451] [DEBUG] cheese - login => username:admin,password:123456
[2020-08-06T14:27:03.451] [DEBUG] cheese - admin
[2020-08-06T14:27:03.454] [DEBUG] cheese - null
[2020-08-06T14:27:03.455] [DEBUG] cheese - null
[2020-08-06T16:57:12.153] [DEBUG] cheese - null
[2020-08-06T17:00:09.738] [DEBUG] cheese - null
[2020-08-06T17:02:02.994] [DEBUG] cheese - null
[2020-08-06T17:05:11.781] [DEBUG] cheese - null
[2020-08-06T19:05:58.670] [DEBUG] cheese - null
[2020-08-06T19:06:00.900] [DEBUG] cheese - null
[2020-08-06T19:06:19.504] [DEBUG] cheese - null
[2020-08-08T10:38:48.690] [DEBUG] cheese - login => username:admin,password:123456
[2020-08-08T10:38:48.692] [DEBUG] cheese - admin
[2020-08-08T10:38:48.720] [DEBUG] cheese - null
[2020-08-08T10:38:48.721] [DEBUG] cheese - null
[2020-08-08T10:43:42.308] [DEBUG] cheese - login => username:admin,password:123456
[2020-08-08T10:43:42.308] [DEBUG] cheese - admin
[2020-08-08T10:43:42.312] [DEBUG] cheese - null
[2020-08-08T10:43:42.312] [DEBUG] cheese - null
[2020-08-08T16:01:52.967] [DEBUG] cheese - login => username:admin,password:123456
[2020-08-08T16:01:52.969] [DEBUG] cheese - admin
[2020-08-08T16:01:52.980] [DEBUG] cheese - null
[2020-08-08T16:01:52.981] [DEBUG] cheese - null
[2020-08-09T14:16:56.176] [DEBUG] cheese - login => username:admin,password:123456
[2020-08-09T14:16:56.177] [DEBUG] cheese - admin
[2020-08-09T14:16:56.211] [DEBUG] cheese - null
[2020-08-09T14:16:56.211] [DEBUG] cheese - null
[2020-08-10T09:49:51.948] [DEBUG] cheese - login => username:admin,password:123456
[2020-08-10T09:49:51.950] [DEBUG] cheese - admin
[2020-08-10T09:49:51.966] [DEBUG] cheese - null
[2020-08-10T09:49:51.966] [DEBUG] cheese - null
[2020-08-10T09:51:33.109] [DEBUG] cheese - login => username:jinquan,password:123456
[2020-08-10T09:51:33.109] [DEBUG] cheese - jinquan
[2020-08-10T09:51:33.111] [DEBUG] cheese - null
[2020-08-10T09:51:33.112] [DEBUG] cheese - null
[2020-08-10T09:52:10.111] [DEBUG] cheese - login => username:admin,password:123456
[2020-08-10T09:52:10.112] [DEBUG] cheese - admin
[2020-08-10T09:52:10.114] [DEBUG] cheese - null
[2020-08-10T09:52:10.114] [DEBUG] cheese - null
[2020-08-10T16:56:35.008] [DEBUG] cheese - login => username:admin,password:123456
[2020-08-10T16:56:35.010] [DEBUG] cheese - admin
[2020-08-10T16:56:35.025] [DEBUG] cheese - null
[2020-08-10T16:56:35.026] [DEBUG] cheese - null
[2020-08-11T14:02:39.121] [DEBUG] cheese - login => username:admin,password:123456
[2020-08-11T14:02:39.124] [DEBUG] cheese - admin
[2020-08-11T14:02:39.158] [DEBUG] cheese - null
[2020-08-11T14:02:39.159] [DEBUG] cheese - null
[2020-08-11T14:40:16.140] [DEBUG] cheese - login => username:admin,password:123456
[2020-08-11T14:40:16.142] [DEBUG] cheese - admin
[2020-08-11T14:40:16.146] [DEBUG] cheese - null
[2020-08-11T14:40:16.146] [DEBUG] cheese - null
[2020-08-11T14:41:59.371] [DEBUG] cheese - login => username:admin,password:123456
[2020-08-11T14:41:59.372] [DEBUG] cheese - admin
[2020-08-11T14:41:59.381] [DEBUG] cheese - null
[2020-08-11T14:41:59.382] [DEBUG] cheese - null
[2020-08-11T16:16:11.649] [DEBUG] cheese - null
[2020-08-11T17:16:49.352] [DEBUG] cheese - login => username:admin,password:123456
[2020-08-11T17:16:49.353] [DEBUG] cheese - admin
[2020-08-11T17:16:49.356] [DEBUG] cheese - null
[2020-08-11T17:16:49.357] [DEBUG] cheese - null
[2020-08-11T18:24:04.023] [DEBUG] cheese - login => username:admin,password:123456
[2020-08-11T18:24:04.023] [DEBUG] cheese - admin
[2020-08-11T18:24:04.026] [DEBUG] cheese - null
[2020-08-11T18:24:04.026] [DEBUG] cheese - null
[2020-08-11T19:26:30.793] [DEBUG] cheese - login => username:admin,password:123456
[2020-08-11T19:26:30.794] [DEBUG] cheese - admin
[2020-08-11T19:26:30.800] [DEBUG] cheese - null
[2020-08-11T19:26:30.800] [DEBUG] cheese - null
[2020-08-11T20:11:05.519] [DEBUG] cheese - login => username:admin,password:123456
[2020-08-11T20:11:05.519] [DEBUG] cheese - admin
[2020-08-11T20:11:05.523] [DEBUG] cheese - null
[2020-08-11T20:11:05.523] [DEBUG] cheese - null
[2020-08-12T14:57:18.426] [DEBUG] cheese - login => username:admin,password:123456
[2020-08-12T14:57:18.429] [DEBUG] cheese - admin
[2020-08-12T14:57:18.474] [DEBUG] cheese - null
[2020-08-12T14:57:18.474] [DEBUG] cheese - null
[2020-08-12T15:47:26.990] [DEBUG] cheese - login => username:admin,password:123456
[2020-08-12T15:47:26.992] [DEBUG] cheese - admin
[2020-08-12T15:47:26.998] [DEBUG] cheese - null
[2020-08-12T15:47:26.999] [DEBUG] cheese - null
[2020-08-12T15:48:51.685] [DEBUG] cheese - login => username:admin,password:123456
[2020-08-12T15:48:51.686] [DEBUG] cheese - admin
[2020-08-12T15:48:51.689] [DEBUG] cheese - null
[2020-08-12T15:48:51.691] [DEBUG] cheese - null
[2020-08-12T15:52:31.776] [DEBUG] cheese - login => username:jinquan,password:123456
[2020-08-12T15:52:31.778] [DEBUG] cheese - jinquan
[2020-08-12T15:52:31.781] [DEBUG] cheese - null
[2020-08-12T15:52:31.782] [DEBUG] cheese - null
[2020-08-12T15:52:38.167] [DEBUG] cheese - login => username:jinquan,password:123456
[2020-08-12T15:52:38.167] [DEBUG] cheese - jinquan
[2020-08-12T15:52:38.169] [DEBUG] cheese - null
[2020-08-12T15:52:38.169] [DEBUG] cheese - null
[2020-08-12T15:52:41.211] [DEBUG] cheese - login => username:admin,password:123456
[2020-08-12T15:52:41.211] [DEBUG] cheese - admin
[2020-08-12T15:52:41.214] [DEBUG] cheese - null
[2020-08-12T15:52:41.214] [DEBUG] cheese - null
[2020-08-12T16:05:49.050] [DEBUG] cheese - login => username:admin,password:123456
[2020-08-12T16:05:49.050] [DEBUG] cheese - admin
[2020-08-12T16:05:49.054] [DEBUG] cheese - null
[2020-08-12T16:05:49.054] [DEBUG] cheese - null
[2020-08-12T16:30:24.746] [DEBUG] cheese - login => username:admin,password:123456
[2020-08-12T16:30:24.749] [DEBUG] cheese - admin
[2020-08-12T16:30:24.752] [DEBUG] cheese - null
[2020-08-12T16:30:24.753] [DEBUG] cheese - null
[2020-08-12T16:34:17.418] [DEBUG] cheese - login => username:admin,password:123456
[2020-08-12T16:34:17.418] [DEBUG] cheese - admin
[2020-08-12T16:34:17.423] [DEBUG] cheese - null
[2020-08-12T16:34:17.423] [DEBUG] cheese - null
[2020-08-12T16:47:59.364] [DEBUG] cheese - login => username:admin,password:123456
[2020-08-12T16:47:59.364] [DEBUG] cheese - admin
[2020-08-12T16:47:59.368] [DEBUG] cheese - null
[2020-08-12T16:47:59.369] [DEBUG] cheese - null
[2020-08-12T16:57:54.373] [DEBUG] cheese - login => username:admin,password:123456
[2020-08-12T16:57:54.373] [DEBUG] cheese - admin
[2020-08-12T16:57:54.378] [DEBUG] cheese - null
[2020-08-12T16:57:54.378] [DEBUG] cheese - null
[2020-08-12T17:19:17.111] [DEBUG] cheese - login => username:admin,password:123456
[2020-08-12T17:19:17.112] [DEBUG] cheese - admin
[2020-08-12T17:19:17.116] [DEBUG] cheese - null
[2020-08-12T17:19:17.116] [DEBUG] cheese - null
[2023-08-22T17:14:30.506] [DEBUG] cheese - login => username:admin,password:123456
[2023-08-22T17:14:30.508] [DEBUG] cheese - admin
[2023-08-22T17:14:30.520] [DEBUG] cheese - null
[2023-08-22T17:14:30.520] [DEBUG] cheese - null
[2023-08-22T17:15:58.703] [DEBUG] cheese - login => username:admin,password:123456
[2023-08-22T17:15:58.703] [DEBUG] cheese - admin
[2023-08-22T17:15:58.706] [DEBUG] cheese - null
[2023-08-22T17:15:58.706] [DEBUG] cheese - null
[2023-08-22T17:26:27.753] [DEBUG] cheese - login => username:admin,password:123456
[2023-08-22T17:26:27.753] [DEBUG] cheese - admin
[2023-08-22T17:26:27.756] [DEBUG] cheese - null
[2023-08-22T17:26:27.756] [DEBUG] cheese - null
[2023-08-22T17:37:26.021] [DEBUG] cheese - login => username:admin,password:123456
[2023-08-22T17:37:26.022] [DEBUG] cheese - admin
[2023-08-22T17:37:26.030] [DEBUG] cheese - null
[2023-08-22T17:37:26.031] [DEBUG] cheese - null
[2023-08-22T17:41:40.377] [DEBUG] cheese - login => username:admin,password:123456
[2023-08-22T17:41:40.378] [DEBUG] cheese - admin
[2023-08-22T17:41:40.399] [DEBUG] cheese - null
[2023-08-22T17:41:40.400] [DEBUG] cheese - null
[2023-08-22T17:52:14.771] [DEBUG] cheese - login => username:admin,password:123456
[2023-08-22T17:52:14.773] [DEBUG] cheese - admin
[2023-08-22T17:52:14.775] [DEBUG] cheese - null
[2023-08-22T17:52:14.776] [DEBUG] cheese - null
